***startSetup***
model,HB
nSite,14
subSpace,200
nStates,10
Ms,1,0
s2Target,0
maxItr,50
startSpinTargetItr,5
energyTola, 0.0005
spinTola,0.05
jValue,1
beta,38.61
bondOrder,bondOrder-chain14.dat
restart,False
***endSetup***

Total Posible Determinats are 3432 .
Breakup are [Ms, No of Determinants] - 	[0, 3432]

ite->	1 ; spece->	240 ; Energy->	-2.750000 ; State->	1 ; s^2 Expe Val->	7.0000 ;
ite->	2 ; spece->	240 ; Energy->	-2.750000 ; State->	1 ; s^2 Expe Val->	7.0000 ;
ite->	3 ; spece->	240 ; Energy->	-4.074426 ; State->	1 ; s^2 Expe Val->	4.7908 ;
ite->	4 ; spece->	240 ; Energy->	-4.119503 ; State->	1 ; s^2 Expe Val->	4.6432 ;
ite->	5 ; spece->	240 ; Energy->	-4.341967 ; State->	1 ; s^2 Expe Val->	4.4545 ;

Starting Active-Learning Protocal 

Starting Optimization W.R.T Spin, Target State Spin Value -> 0.000000 

ite->	6 ; spece->	240 ; Energy->	-4.793697 ; State->	1 ; s^2 Expe Val->	3.3539 ;
ite->	7 ; spece->	240 ; Energy->	-5.123032 ; State->	1 ; s^2 Expe Val->	2.4259 ;
ite->	8 ; spece->	240 ; Energy->	-5.240417 ; State->	1 ; s^2 Expe Val->	2.1072 ;
ite->	9 ; spece->	240 ; Energy->	-5.299841 ; State->	1 ; s^2 Expe Val->	1.8245 ;
ite->	10 ; spece->	240 ; Energy->	-5.361533 ; State->	1 ; s^2 Expe Val->	1.7662 ;
ite->	11 ; spece->	480 ; Energy->	-5.763435 ; State->	1 ; s^2 Expe Val->	0.5889 ;
ite->	12 ; spece->	480 ; Energy->	-5.811108 ; State->	1 ; s^2 Expe Val->	0.4291 ;
ite->	13 ; spece->	480 ; Energy->	-5.817029 ; State->	1 ; s^2 Expe Val->	0.3652 ;
ite->	14 ; spece->	720 ; Energy->	-5.949688 ; State->	1 ; s^2 Expe Val->	0.1313 ;
ite->	15 ; spece->	720 ; Energy->	-5.935701 ; State->	1 ; s^2 Expe Val->	0.1410 ;
ite->	16 ; spece->	720 ; Energy->	-5.939826 ; State->	1 ; s^2 Expe Val->	0.1394 ;
ite->	17 ; spece->	862 ; Energy->	-5.975469 ; State->	1 ; s^2 Expe Val->	0.0908 ;
ite->	18 ; spece->	960 ; Energy->	-5.986703 ; State->	1 ; s^2 Expe Val->	0.0726 ;
ite->	19 ; spece->	960 ; Energy->	-5.987543 ; State->	1 ; s^2 Expe Val->	0.0640 ;
ite->	20 ; spece->	994 ; Energy->	-5.991623 ; State->	1 ; s^2 Expe Val->	0.0621 ;
ite->	21 ; spece->	1184 ; Energy->	-6.007239 ; State->	1 ; s^2 Expe Val->	0.0336 ;
ite->	22 ; spece->	1156 ; Energy->	-6.005385 ; State->	1 ; s^2 Expe Val->	0.0365 ;
ite->	23 ; spece->	1128 ; Energy->	-6.004068 ; State->	1 ; s^2 Expe Val->	0.0393 ;

Iteration Converged.

Energy & Spin Value of First 10 States.
State: 1	Energy: -6.004068	s^2 Expe Val: 0.0393
State: 2	Energy: -5.725916	s^2 Expe Val: 2.0235
State: 3	Energy: -5.430297	s^2 Expe Val: 2.0218
State: 4	Energy: -5.203855	s^2 Expe Val: 1.8077
State: 5	Energy: -5.150433	s^2 Expe Val: 2.0295
State: 6	Energy: -4.934944	s^2 Expe Val: 1.1367
State: 7	Energy: -4.898233	s^2 Expe Val: 2.0222
State: 8	Energy: -4.751795	s^2 Expe Val: 2.5457
State: 9	Energy: -4.699885	s^2 Expe Val: 2.2059
State: 10	Energy: -4.676089	s^2 Expe Val: 2.0584
Total Time Taken in MCCI Calculation is 247.755406 sec.